Custom log: Crear Distribuidor
Custom log: Crear Distribuidor
Custom log: Sistema operativo: Windows 8.1
Custom log: Sistema operativo: Windows 8.1
Custom log: comando: cmd /c start  %b2bScriptsHome%\crearDistribuidor "pruebaadicional" "Prueba Adicional" "2015" "rdiaz@cecropiasolutions.com" "(506)86199408" "123123" "/pruebaadicional/resources/images/contactDefault.png" "PA" "PAB" "false"
Custom log: comando: cmd /c start  %b2bScriptsHome%\crearDistribuidor "pruebaadicional" "Prueba Adicional" "2015" "rdiaz@cecropiasolutions.com" "(506)86199408" "123123" "/pruebaadicional/resources/images/contactDefault.png" "PA" "PAB" "false"
Custom log: Terminó el runtime
Custom log: Terminó el runtime
Custom log: Terminó de ejecutar el script
Custom log: Terminó de ejecutar el script
Custom log: Generando contraseña...
Custom log: Generando contraseña...
Custom log: Contraseña generada: exia
Custom log: Contraseña generada: exia
Custom log: Crear Comercio
Custom log: Crear Comercio
Custom log: Sistema operativo: Windows 8.1
Custom log: Sistema operativo: Windows 8.1
Custom log: comando: cmd /c start  %b2bScriptsHome%\crearTienda "pruebacomercio" "Prueba Comercio" "(507)12341234" "renandiazreyes@gmail.com" "./resources/imagenes/empty-pic.png" "Ren^&aacute^;n D^&iacute^;az" "exia"
Custom log: comando: cmd /c start  %b2bScriptsHome%\crearTienda "pruebacomercio" "Prueba Comercio" "(507)12341234" "renandiazreyes@gmail.com" "./resources/imagenes/empty-pic.png" "Ren^&aacute^;n D^&iacute^;az" "exia"
Custom log: Terminó el runtime
Custom log: Terminó el runtime
Custom log: Crear Distribuidor
Custom log: Crear Distribuidor
Custom log: Sistema operativo: Windows 8.1
Custom log: Sistema operativo: Windows 8.1
Custom log: comando: cmd /c start  %b2bScriptsHome%\crearDistribuidor "pruebalogo2" "Prueba Logo2" "2015" "renan.diaz@triumvircorp.com" "(50686199408" "123123" "/Repo/Imagenes/BackOffice/7d46b2e1-fa00-4b2a-9cf0-c387c5db1323-buen chiste.jpg" "PA" "PAB" "false"
Custom log: comando: cmd /c start  %b2bScriptsHome%\crearDistribuidor "pruebalogo2" "Prueba Logo2" "2015" "renan.diaz@triumvircorp.com" "(50686199408" "123123" "/Repo/Imagenes/BackOffice/7d46b2e1-fa00-4b2a-9cf0-c387c5db1323-buen chiste.jpg" "PA" "PAB" "false"
Custom log: Terminó el runtime
Custom log: Terminó el runtime
Custom log: Terminó de ejecutar el script
Custom log: Terminó de ejecutar el script
Custom log: Crear Distribuidor
Custom log: Crear Distribuidor
Custom log: Sistema operativo: Windows 8.1
Custom log: Sistema operativo: Windows 8.1
Custom log: comando: cmd /c start  %b2bScriptsHome%\crearDistribuidor "pruebalogo" "Prueba Logo" "2015" "renandiazreyes@gmail.com" "(506)86199408" "123123" "/Repo/Imagenes/BackOffice/abf4bc8e-460a-4f0a-b623-2001bf947300-anteojos.png" "PA" "PAB" "false"
Custom log: comando: cmd /c start  %b2bScriptsHome%\crearDistribuidor "pruebalogo" "Prueba Logo" "2015" "renandiazreyes@gmail.com" "(506)86199408" "123123" "/Repo/Imagenes/BackOffice/abf4bc8e-460a-4f0a-b623-2001bf947300-anteojos.png" "PA" "PAB" "false"
Custom log: Terminó el runtime
Custom log: Terminó el runtime
Custom log: Terminó de ejecutar el script
Custom log: Terminó de ejecutar el script
Custom log: Crear Distribuidor
Custom log: Crear Distribuidor
Custom log: Sistema operativo: Windows 8.1
Custom log: Sistema operativo: Windows 8.1
Custom log: comando: cmd /c start  %b2bScriptsHome%\crearDistribuidor "pruebadealwithit" "Prueba Deal With It" "2015" "rdiaz@etechnologiesgroup.com" "(506)62630400" "123123" "/Repo/Imagenes/BackOffice/73c4e77d-f0fe-41a1-929d-fa6c8fac2e10-dealwithit.png" "PA" "PAB" "false"
Custom log: comando: cmd /c start  %b2bScriptsHome%\crearDistribuidor "pruebadealwithit" "Prueba Deal With It" "2015" "rdiaz@etechnologiesgroup.com" "(506)62630400" "123123" "/Repo/Imagenes/BackOffice/73c4e77d-f0fe-41a1-929d-fa6c8fac2e10-dealwithit.png" "PA" "PAB" "false"
Custom log: Terminó el runtime
Custom log: Terminó el runtime
Custom log: Terminó de ejecutar el script
Custom log: Terminó de ejecutar el script
Custom log: Crear Distribuidor
Custom log: Crear Distribuidor
Custom log: Sistema operativo: Windows 8.1
Custom log: Sistema operativo: Windows 8.1
Custom log: comando: cmd /c start  %b2bScriptsHome%\crearDistribuidor "pruebafinal2" "Prueba Final 2" "2015" "rdiaz+prueba2@etechnologiesgroup.com" "(506)62630400" "cñ124%$" "/pruebafinal2/resources/images/contactDefault.png" "PA" "PAB" "false"
Custom log: comando: cmd /c start  %b2bScriptsHome%\crearDistribuidor "pruebafinal2" "Prueba Final 2" "2015" "rdiaz+prueba2@etechnologiesgroup.com" "(506)62630400" "cñ124%$" "/pruebafinal2/resources/images/contactDefault.png" "PA" "PAB" "false"
Custom log: Terminó el runtime
Custom log: Terminó el runtime
Custom log: Terminó de ejecutar el script
Custom log: Terminó de ejecutar el script
Digester.getParser: 
java.lang.UnsupportedOperationException: This parser does not support specification "null" version "null"
	at javax.xml.parsers.SAXParserFactory.setSchema(SAXParserFactory.java:419)
	at org.apache.commons.digester.Digester.getFactory(Digester.java:536)
	at org.apache.commons.digester.Digester.getParser(Digester.java:786)
	at org.apache.commons.digester.Digester.getXMLReader(Digester.java:1058)
	at org.apache.commons.digester.Digester.parse(Digester.java:1887)
	at org.apache.tiles.definition.digester.DigesterDefinitionsReader.read(DigesterDefinitionsReader.java:329)
	at org.apache.tiles.definition.dao.BaseLocaleUrlDefinitionDAO.loadDefinitionsFromURL(BaseLocaleUrlDefinitionDAO.java:276)
	at org.apache.tiles.definition.dao.CachingLocaleUrlDefinitionDAO.loadDefinitionsFromURLs(CachingLocaleUrlDefinitionDAO.java:251)
	at org.apache.tiles.definition.dao.ResolvingLocaleUrlDefinitionDAO.loadDefinitionsFromURLs(ResolvingLocaleUrlDefinitionDAO.java:65)
	at org.apache.tiles.definition.dao.ResolvingLocaleUrlDefinitionDAO.loadParentDefinitions(ResolvingLocaleUrlDefinitionDAO.java:58)
	at org.apache.tiles.definition.dao.CachingLocaleUrlDefinitionDAO.loadDefinitionsFromURLs(CachingLocaleUrlDefinitionDAO.java:239)
	at org.apache.tiles.definition.dao.ResolvingLocaleUrlDefinitionDAO.loadDefinitionsFromURLs(ResolvingLocaleUrlDefinitionDAO.java:65)
	at org.apache.tiles.definition.dao.CachingLocaleUrlDefinitionDAO.loadDefinitions(CachingLocaleUrlDefinitionDAO.java:222)
	at org.apache.tiles.definition.dao.CachingLocaleUrlDefinitionDAO.checkAndloadDefinitions(CachingLocaleUrlDefinitionDAO.java:204)
	at org.apache.tiles.definition.dao.CachingLocaleUrlDefinitionDAO.getDefinitions(CachingLocaleUrlDefinitionDAO.java:154)
	at org.apache.tiles.definition.dao.CachingLocaleUrlDefinitionDAO.getDefinition(CachingLocaleUrlDefinitionDAO.java:123)
	at org.apache.tiles.definition.dao.CachingLocaleUrlDefinitionDAO.getDefinition(CachingLocaleUrlDefinitionDAO.java:54)
	at org.apache.tiles.definition.UnresolvingLocaleDefinitionsFactory.getDefinition(UnresolvingLocaleDefinitionsFactory.java:105)
	at org.apache.tiles.impl.BasicTilesContainer.getDefinition(BasicTilesContainer.java:364)
	at org.apache.tiles.impl.BasicTilesContainer.render(BasicTilesContainer.java:618)
	at org.apache.tiles.impl.BasicTilesContainer.render(BasicTilesContainer.java:321)
	at org.springframework.web.servlet.view.tiles2.TilesView.renderMergedOutputModel(TilesView.java:124)
	at org.springframework.web.servlet.view.AbstractView.render(AbstractView.java:262)
	at org.springframework.web.servlet.DispatcherServlet.render(DispatcherServlet.java:1180)
	at org.springframework.web.servlet.DispatcherServlet.doDispatch(DispatcherServlet.java:950)
	at org.springframework.web.servlet.DispatcherServlet.doService(DispatcherServlet.java:852)
	at org.springframework.web.servlet.FrameworkServlet.processRequest(FrameworkServlet.java:882)
	at org.springframework.web.servlet.FrameworkServlet.doGet(FrameworkServlet.java:778)
	at javax.servlet.http.HttpServlet.service(HttpServlet.java:620)
	at javax.servlet.http.HttpServlet.service(HttpServlet.java:727)
	at org.apache.catalina.core.ApplicationFilterChain.internalDoFilter(ApplicationFilterChain.java:303)
	at org.apache.catalina.core.ApplicationFilterChain.doFilter(ApplicationFilterChain.java:208)
	at org.apache.tomcat.websocket.server.WsFilter.doFilter(WsFilter.java:52)
	at org.apache.catalina.core.ApplicationFilterChain.internalDoFilter(ApplicationFilterChain.java:241)
	at org.apache.catalina.core.ApplicationFilterChain.doFilter(ApplicationFilterChain.java:208)
	at org.apache.catalina.core.StandardWrapperValve.invoke(StandardWrapperValve.java:220)
	at org.apache.catalina.core.StandardContextValve.invoke(StandardContextValve.java:122)
	at org.apache.catalina.authenticator.AuthenticatorBase.invoke(AuthenticatorBase.java:503)
	at org.apache.catalina.core.StandardHostValve.invoke(StandardHostValve.java:170)
	at org.apache.catalina.valves.ErrorReportValve.invoke(ErrorReportValve.java:103)
	at org.apache.catalina.valves.AccessLogValve.invoke(AccessLogValve.java:950)
	at org.apache.catalina.core.StandardEngineValve.invoke(StandardEngineValve.java:116)
	at org.apache.catalina.connector.CoyoteAdapter.service(CoyoteAdapter.java:421)
	at org.apache.coyote.http11.AbstractHttp11Processor.process(AbstractHttp11Processor.java:1070)
	at org.apache.coyote.AbstractProtocol$AbstractConnectionHandler.process(AbstractProtocol.java:611)
	at org.apache.tomcat.util.net.JIoEndpoint$SocketProcessor.run(JIoEndpoint.java:316)
	at java.util.concurrent.ThreadPoolExecutor.runWorker(ThreadPoolExecutor.java:1145)
	at java.util.concurrent.ThreadPoolExecutor$Worker.run(ThreadPoolExecutor.java:615)
	at org.apache.tomcat.util.threads.TaskThread$WrappingRunnable.run(TaskThread.java:61)
	at java.lang.Thread.run(Thread.java:745)
Digester.getParser: 
java.lang.UnsupportedOperationException: This parser does not support specification "null" version "null"
	at javax.xml.parsers.SAXParserFactory.setSchema(SAXParserFactory.java:419)
	at org.apache.commons.digester.Digester.getFactory(Digester.java:536)
	at org.apache.commons.digester.Digester.getParser(Digester.java:786)
	at org.apache.commons.digester.Digester.getXMLReader(Digester.java:1058)
	at org.apache.commons.digester.Digester.parse(Digester.java:1887)
	at org.apache.tiles.definition.digester.DigesterDefinitionsReader.read(DigesterDefinitionsReader.java:329)
	at org.apache.tiles.definition.dao.BaseLocaleUrlDefinitionDAO.loadDefinitionsFromURL(BaseLocaleUrlDefinitionDAO.java:276)
	at org.apache.tiles.definition.dao.CachingLocaleUrlDefinitionDAO.loadDefinitionsFromURLs(CachingLocaleUrlDefinitionDAO.java:251)
	at org.apache.tiles.definition.dao.ResolvingLocaleUrlDefinitionDAO.loadDefinitionsFromURLs(ResolvingLocaleUrlDefinitionDAO.java:65)
	at org.apache.tiles.definition.dao.ResolvingLocaleUrlDefinitionDAO.loadParentDefinitions(ResolvingLocaleUrlDefinitionDAO.java:58)
	at org.apache.tiles.definition.dao.CachingLocaleUrlDefinitionDAO.loadDefinitionsFromURLs(CachingLocaleUrlDefinitionDAO.java:239)
	at org.apache.tiles.definition.dao.ResolvingLocaleUrlDefinitionDAO.loadDefinitionsFromURLs(ResolvingLocaleUrlDefinitionDAO.java:65)
	at org.apache.tiles.definition.dao.CachingLocaleUrlDefinitionDAO.loadDefinitions(CachingLocaleUrlDefinitionDAO.java:222)
	at org.apache.tiles.definition.dao.CachingLocaleUrlDefinitionDAO.checkAndloadDefinitions(CachingLocaleUrlDefinitionDAO.java:204)
	at org.apache.tiles.definition.dao.CachingLocaleUrlDefinitionDAO.getDefinitions(CachingLocaleUrlDefinitionDAO.java:154)
	at org.apache.tiles.definition.dao.CachingLocaleUrlDefinitionDAO.getDefinition(CachingLocaleUrlDefinitionDAO.java:123)
	at org.apache.tiles.definition.dao.CachingLocaleUrlDefinitionDAO.getDefinition(CachingLocaleUrlDefinitionDAO.java:54)
	at org.apache.tiles.definition.UnresolvingLocaleDefinitionsFactory.getDefinition(UnresolvingLocaleDefinitionsFactory.java:105)
	at org.apache.tiles.impl.BasicTilesContainer.getDefinition(BasicTilesContainer.java:364)
	at org.apache.tiles.impl.BasicTilesContainer.render(BasicTilesContainer.java:618)
	at org.apache.tiles.impl.BasicTilesContainer.render(BasicTilesContainer.java:321)
	at org.springframework.web.servlet.view.tiles2.TilesView.renderMergedOutputModel(TilesView.java:124)
	at org.springframework.web.servlet.view.AbstractView.render(AbstractView.java:262)
	at org.springframework.web.servlet.DispatcherServlet.render(DispatcherServlet.java:1180)
	at org.springframework.web.servlet.DispatcherServlet.doDispatch(DispatcherServlet.java:950)
	at org.springframework.web.servlet.DispatcherServlet.doService(DispatcherServlet.java:852)
	at org.springframework.web.servlet.FrameworkServlet.processRequest(FrameworkServlet.java:882)
	at org.springframework.web.servlet.FrameworkServlet.doGet(FrameworkServlet.java:778)
	at javax.servlet.http.HttpServlet.service(HttpServlet.java:620)
	at javax.servlet.http.HttpServlet.service(HttpServlet.java:727)
	at org.apache.catalina.core.ApplicationFilterChain.internalDoFilter(ApplicationFilterChain.java:303)
	at org.apache.catalina.core.ApplicationFilterChain.doFilter(ApplicationFilterChain.java:208)
	at org.apache.tomcat.websocket.server.WsFilter.doFilter(WsFilter.java:52)
	at org.apache.catalina.core.ApplicationFilterChain.internalDoFilter(ApplicationFilterChain.java:241)
	at org.apache.catalina.core.ApplicationFilterChain.doFilter(ApplicationFilterChain.java:208)
	at org.apache.catalina.core.StandardWrapperValve.invoke(StandardWrapperValve.java:220)
	at org.apache.catalina.core.StandardContextValve.invoke(StandardContextValve.java:122)
	at org.apache.catalina.authenticator.AuthenticatorBase.invoke(AuthenticatorBase.java:503)
	at org.apache.catalina.core.StandardHostValve.invoke(StandardHostValve.java:170)
	at org.apache.catalina.valves.ErrorReportValve.invoke(ErrorReportValve.java:103)
	at org.apache.catalina.valves.AccessLogValve.invoke(AccessLogValve.java:950)
	at org.apache.catalina.core.StandardEngineValve.invoke(StandardEngineValve.java:116)
	at org.apache.catalina.connector.CoyoteAdapter.service(CoyoteAdapter.java:421)
	at org.apache.coyote.http11.AbstractHttp11Processor.process(AbstractHttp11Processor.java:1070)
	at org.apache.coyote.AbstractProtocol$AbstractConnectionHandler.process(AbstractProtocol.java:611)
	at org.apache.tomcat.util.net.JIoEndpoint$SocketProcessor.run(JIoEndpoint.java:314)
	at java.util.concurrent.ThreadPoolExecutor.runWorker(ThreadPoolExecutor.java:1145)
	at java.util.concurrent.ThreadPoolExecutor$Worker.run(ThreadPoolExecutor.java:615)
	at org.apache.tomcat.util.threads.TaskThread$WrappingRunnable.run(TaskThread.java:61)
	at java.lang.Thread.run(Thread.java:745)
Digester.getParser: 
java.lang.UnsupportedOperationException: This parser does not support specification "null" version "null"
	at javax.xml.parsers.SAXParserFactory.setSchema(SAXParserFactory.java:419)
	at org.apache.commons.digester.Digester.getFactory(Digester.java:536)
	at org.apache.commons.digester.Digester.getParser(Digester.java:786)
	at org.apache.commons.digester.Digester.getXMLReader(Digester.java:1058)
	at org.apache.commons.digester.Digester.parse(Digester.java:1887)
	at org.apache.tiles.definition.digester.DigesterDefinitionsReader.read(DigesterDefinitionsReader.java:329)
	at org.apache.tiles.definition.dao.BaseLocaleUrlDefinitionDAO.loadDefinitionsFromURL(BaseLocaleUrlDefinitionDAO.java:276)
	at org.apache.tiles.definition.dao.CachingLocaleUrlDefinitionDAO.loadDefinitionsFromURLs(CachingLocaleUrlDefinitionDAO.java:251)
	at org.apache.tiles.definition.dao.ResolvingLocaleUrlDefinitionDAO.loadDefinitionsFromURLs(ResolvingLocaleUrlDefinitionDAO.java:65)
	at org.apache.tiles.definition.dao.ResolvingLocaleUrlDefinitionDAO.loadParentDefinitions(ResolvingLocaleUrlDefinitionDAO.java:58)
	at org.apache.tiles.definition.dao.CachingLocaleUrlDefinitionDAO.loadDefinitionsFromURLs(CachingLocaleUrlDefinitionDAO.java:239)
	at org.apache.tiles.definition.dao.ResolvingLocaleUrlDefinitionDAO.loadDefinitionsFromURLs(ResolvingLocaleUrlDefinitionDAO.java:65)
	at org.apache.tiles.definition.dao.CachingLocaleUrlDefinitionDAO.loadDefinitions(CachingLocaleUrlDefinitionDAO.java:222)
	at org.apache.tiles.definition.dao.CachingLocaleUrlDefinitionDAO.checkAndloadDefinitions(CachingLocaleUrlDefinitionDAO.java:204)
	at org.apache.tiles.definition.dao.CachingLocaleUrlDefinitionDAO.getDefinitions(CachingLocaleUrlDefinitionDAO.java:154)
	at org.apache.tiles.definition.dao.CachingLocaleUrlDefinitionDAO.getDefinition(CachingLocaleUrlDefinitionDAO.java:123)
	at org.apache.tiles.definition.dao.CachingLocaleUrlDefinitionDAO.getDefinition(CachingLocaleUrlDefinitionDAO.java:54)
	at org.apache.tiles.definition.UnresolvingLocaleDefinitionsFactory.getDefinition(UnresolvingLocaleDefinitionsFactory.java:105)
	at org.apache.tiles.impl.BasicTilesContainer.getDefinition(BasicTilesContainer.java:364)
	at org.apache.tiles.impl.BasicTilesContainer.render(BasicTilesContainer.java:618)
	at org.apache.tiles.impl.BasicTilesContainer.render(BasicTilesContainer.java:321)
	at org.springframework.web.servlet.view.tiles2.TilesView.renderMergedOutputModel(TilesView.java:124)
	at org.springframework.web.servlet.view.AbstractView.render(AbstractView.java:262)
	at org.springframework.web.servlet.DispatcherServlet.render(DispatcherServlet.java:1180)
	at org.springframework.web.servlet.DispatcherServlet.doDispatch(DispatcherServlet.java:950)
	at org.springframework.web.servlet.DispatcherServlet.doService(DispatcherServlet.java:852)
	at org.springframework.web.servlet.FrameworkServlet.processRequest(FrameworkServlet.java:882)
	at org.springframework.web.servlet.FrameworkServlet.doGet(FrameworkServlet.java:778)
	at javax.servlet.http.HttpServlet.service(HttpServlet.java:620)
	at javax.servlet.http.HttpServlet.service(HttpServlet.java:727)
	at org.apache.catalina.core.ApplicationFilterChain.internalDoFilter(ApplicationFilterChain.java:303)
	at org.apache.catalina.core.ApplicationFilterChain.doFilter(ApplicationFilterChain.java:208)
	at org.apache.tomcat.websocket.server.WsFilter.doFilter(WsFilter.java:52)
	at org.apache.catalina.core.ApplicationFilterChain.internalDoFilter(ApplicationFilterChain.java:241)
	at org.apache.catalina.core.ApplicationFilterChain.doFilter(ApplicationFilterChain.java:208)
	at org.apache.catalina.core.StandardWrapperValve.invoke(StandardWrapperValve.java:220)
	at org.apache.catalina.core.StandardContextValve.invoke(StandardContextValve.java:122)
	at org.apache.catalina.authenticator.AuthenticatorBase.invoke(AuthenticatorBase.java:503)
	at org.apache.catalina.core.StandardHostValve.invoke(StandardHostValve.java:170)
	at org.apache.catalina.valves.ErrorReportValve.invoke(ErrorReportValve.java:103)
	at org.apache.catalina.valves.AccessLogValve.invoke(AccessLogValve.java:950)
	at org.apache.catalina.core.StandardEngineValve.invoke(StandardEngineValve.java:116)
	at org.apache.catalina.connector.CoyoteAdapter.service(CoyoteAdapter.java:421)
	at org.apache.coyote.http11.AbstractHttp11Processor.process(AbstractHttp11Processor.java:1070)
	at org.apache.coyote.AbstractProtocol$AbstractConnectionHandler.process(AbstractProtocol.java:611)
	at org.apache.tomcat.util.net.JIoEndpoint$SocketProcessor.run(JIoEndpoint.java:316)
	at java.util.concurrent.ThreadPoolExecutor.runWorker(ThreadPoolExecutor.java:1145)
	at java.util.concurrent.ThreadPoolExecutor$Worker.run(ThreadPoolExecutor.java:615)
	at org.apache.tomcat.util.threads.TaskThread$WrappingRunnable.run(TaskThread.java:61)
	at java.lang.Thread.run(Thread.java:745)
